0 info it worked if it ends with ok
1 verbose cli [ 'C:\\Program Files\\nodejs\\node.exe',
1 verbose cli   'C:\\Users\\Danie\\AppData\\Roaming\\npm\\node_modules\\npm\\bin\\npm-cli.js',
1 verbose cli   'i',
1 verbose cli   '--save-dev',
1 verbose cli   'child_process' ]
2 info using npm@2.15.1
3 info using node@v5.8.0
4 verbose install initial load of c:\git\d3\package.json
5 verbose installManyTop reading scoped package data from c:\git\d3\node_modules\Base64\package.json
6 verbose installManyTop reading scoped package data from c:\git\d3\node_modules\align-text\package.json
7 verbose installManyTop reading scoped package data from c:\git\d3\node_modules\amdefine\package.json
8 verbose installManyTop reading scoped package data from c:\git\d3\node_modules\anymatch\package.json
9 verbose installManyTop reading scoped package data from c:\git\d3\node_modules\arr-diff\package.json
10 verbose installManyTop reading scoped package data from c:\git\d3\node_modules\arr-flatten\package.json
11 verbose installManyTop reading scoped package data from c:\git\d3\node_modules\array-unique\package.json
12 verbose installManyTop reading scoped package data from c:\git\d3\node_modules\arrify\package.json
13 verbose installManyTop reading scoped package data from c:\git\d3\node_modules\assert\package.json
14 verbose installManyTop reading scoped package data from c:\git\d3\node_modules\async\package.json
15 verbose installManyTop reading scoped package data from c:\git\d3\node_modules\async-each\package.json
16 verbose installManyTop reading scoped package data from c:\git\d3\node_modules\babel\package.json
17 verbose installManyTop reading scoped package data from c:\git\d3\node_modules\balanced-match\package.json
18 verbose installManyTop reading scoped package data from c:\git\d3\node_modules\base64-js\package.json
19 verbose installManyTop reading scoped package data from c:\git\d3\node_modules\big.js\package.json
20 verbose installManyTop reading scoped package data from c:\git\d3\node_modules\binary-extensions\package.json
21 verbose installManyTop reading scoped package data from c:\git\d3\node_modules\brace-expansion\package.json
22 verbose installManyTop reading scoped package data from c:\git\d3\node_modules\braces\package.json
23 verbose installManyTop reading scoped package data from c:\git\d3\node_modules\browserify-zlib\package.json
24 verbose installManyTop reading scoped package data from c:\git\d3\node_modules\buffer\package.json
25 verbose installManyTop reading scoped package data from c:\git\d3\node_modules\camelcase\package.json
26 verbose installManyTop reading scoped package data from c:\git\d3\node_modules\center-align\package.json
27 verbose installManyTop reading scoped package data from c:\git\d3\node_modules\chokidar\package.json
28 verbose installManyTop reading scoped package data from c:\git\d3\node_modules\cliui\package.json
29 verbose installManyTop reading scoped package data from c:\git\d3\node_modules\clone\package.json
30 verbose installManyTop reading scoped package data from c:\git\d3\node_modules\colors\package.json
31 verbose installManyTop reading scoped package data from c:\git\d3\node_modules\concat-map\package.json
32 verbose installManyTop reading scoped package data from c:\git\d3\node_modules\console-browserify\package.json
33 verbose installManyTop reading scoped package data from c:\git\d3\node_modules\constants-browserify\package.json
34 verbose installManyTop reading scoped package data from c:\git\d3\node_modules\core-util-is\package.json
35 verbose installManyTop reading scoped package data from c:\git\d3\node_modules\crypto-browserify\package.json
36 verbose installManyTop reading scoped package data from c:\git\d3\node_modules\date-now\package.json
37 verbose installManyTop reading scoped package data from c:\git\d3\node_modules\decamelize\package.json
38 verbose installManyTop reading scoped package data from c:\git\d3\node_modules\domain-browser\package.json
39 verbose installManyTop reading scoped package data from c:\git\d3\node_modules\enhanced-resolve\package.json
40 verbose installManyTop reading scoped package data from c:\git\d3\node_modules\errno\package.json
41 verbose installManyTop reading scoped package data from c:\git\d3\node_modules\esprima\package.json
42 verbose installManyTop reading scoped package data from c:\git\d3\node_modules\events\package.json
43 verbose installManyTop reading scoped package data from c:\git\d3\node_modules\expand-brackets\package.json
44 verbose installManyTop reading scoped package data from c:\git\d3\node_modules\expand-range\package.json
45 verbose installManyTop reading scoped package data from c:\git\d3\node_modules\extglob\package.json
46 verbose installManyTop reading scoped package data from c:\git\d3\node_modules\filename-regex\package.json
47 verbose installManyTop reading scoped package data from c:\git\d3\node_modules\fill-range\package.json
48 verbose installManyTop reading scoped package data from c:\git\d3\node_modules\for-in\package.json
49 verbose installManyTop reading scoped package data from c:\git\d3\node_modules\for-own\package.json
50 verbose installManyTop reading scoped package data from c:\git\d3\node_modules\glob-base\package.json
51 verbose installManyTop reading scoped package data from c:\git\d3\node_modules\glob-parent\package.json
52 verbose installManyTop reading scoped package data from c:\git\d3\node_modules\graceful-fs\package.json
53 verbose installManyTop reading scoped package data from c:\git\d3\node_modules\has-flag\package.json
54 verbose installManyTop reading scoped package data from c:\git\d3\node_modules\http-browserify\package.json
55 verbose installManyTop reading scoped package data from c:\git\d3\node_modules\https-browserify\package.json
56 verbose installManyTop reading scoped package data from c:\git\d3\node_modules\ieee754\package.json
57 verbose installManyTop reading scoped package data from c:\git\d3\node_modules\indexof\package.json
58 verbose installManyTop reading scoped package data from c:\git\d3\node_modules\inherits\package.json
59 verbose installManyTop reading scoped package data from c:\git\d3\node_modules\interpret\package.json
60 verbose installManyTop reading scoped package data from c:\git\d3\node_modules\is-binary-path\package.json
61 verbose installManyTop reading scoped package data from c:\git\d3\node_modules\is-buffer\package.json
62 verbose installManyTop reading scoped package data from c:\git\d3\node_modules\is-dotfile\package.json
63 verbose installManyTop reading scoped package data from c:\git\d3\node_modules\is-equal-shallow\package.json
64 verbose installManyTop reading scoped package data from c:\git\d3\node_modules\is-extendable\package.json
65 verbose installManyTop reading scoped package data from c:\git\d3\node_modules\is-extglob\package.json
66 verbose installManyTop reading scoped package data from c:\git\d3\node_modules\is-glob\package.json
67 verbose installManyTop reading scoped package data from c:\git\d3\node_modules\is-number\package.json
68 verbose installManyTop reading scoped package data from c:\git\d3\node_modules\is-primitive\package.json
69 verbose installManyTop reading scoped package data from c:\git\d3\node_modules\isarray\package.json
70 verbose installManyTop reading scoped package data from c:\git\d3\node_modules\isobject\package.json
71 verbose installManyTop reading scoped package data from c:\git\d3\node_modules\json5\package.json
72 verbose installManyTop reading scoped package data from c:\git\d3\node_modules\kind-of\package.json
73 verbose installManyTop reading scoped package data from c:\git\d3\node_modules\lazy-cache\package.json
74 verbose installManyTop reading scoped package data from c:\git\d3\node_modules\loader-utils\package.json
75 verbose installManyTop reading scoped package data from c:\git\d3\node_modules\longest\package.json
76 verbose installManyTop reading scoped package data from c:\git\d3\node_modules\memory-fs\package.json
77 verbose installManyTop reading scoped package data from c:\git\d3\node_modules\micromatch\package.json
78 verbose installManyTop reading scoped package data from c:\git\d3\node_modules\minimatch\package.json
79 verbose installManyTop reading scoped package data from c:\git\d3\node_modules\minimist\package.json
80 verbose installManyTop reading scoped package data from c:\git\d3\node_modules\mkdirp\package.json
81 verbose installManyTop reading scoped package data from c:\git\d3\node_modules\node-libs-browser\package.json
82 verbose installManyTop reading scoped package data from c:\git\d3\node_modules\normalize-path\package.json
83 verbose installManyTop reading scoped package data from c:\git\d3\node_modules\object-assign\package.json
84 verbose installManyTop reading scoped package data from c:\git\d3\node_modules\object.omit\package.json
85 verbose installManyTop reading scoped package data from c:\git\d3\node_modules\optimist\package.json
86 verbose installManyTop reading scoped package data from c:\git\d3\node_modules\os-browserify\package.json
87 verbose installManyTop reading scoped package data from c:\git\d3\node_modules\pako\package.json
88 verbose installManyTop reading scoped package data from c:\git\d3\node_modules\parse-glob\package.json
89 verbose installManyTop reading scoped package data from c:\git\d3\node_modules\path\package.json
90 verbose installManyTop reading scoped package data from c:\git\d3\node_modules\path-browserify\package.json
91 verbose installManyTop reading scoped package data from c:\git\d3\node_modules\path-is-absolute\package.json
92 verbose installManyTop reading scoped package data from c:\git\d3\node_modules\pbkdf2-compat\package.json
93 verbose installManyTop reading scoped package data from c:\git\d3\node_modules\preserve\package.json
94 verbose installManyTop reading scoped package data from c:\git\d3\node_modules\process\package.json
95 verbose installManyTop reading scoped package data from c:\git\d3\node_modules\process-nextick-args\package.json
96 verbose installManyTop reading scoped package data from c:\git\d3\node_modules\prr\package.json
97 verbose installManyTop reading scoped package data from c:\git\d3\node_modules\punycode\package.json
98 verbose installManyTop reading scoped package data from c:\git\d3\node_modules\querystring\package.json
99 verbose installManyTop reading scoped package data from c:\git\d3\node_modules\querystring-es3\package.json
100 verbose installManyTop reading scoped package data from c:\git\d3\node_modules\randomatic\package.json
101 verbose installManyTop reading scoped package data from c:\git\d3\node_modules\readable-stream\package.json
102 verbose installManyTop reading scoped package data from c:\git\d3\node_modules\readdirp\package.json
103 verbose installManyTop reading scoped package data from c:\git\d3\node_modules\regex-cache\package.json
104 verbose installManyTop reading scoped package data from c:\git\d3\node_modules\repeat-element\package.json
105 verbose installManyTop reading scoped package data from c:\git\d3\node_modules\repeat-string\package.json
106 verbose installManyTop reading scoped package data from c:\git\d3\node_modules\right-align\package.json
107 verbose installManyTop reading scoped package data from c:\git\d3\node_modules\ripemd160\package.json
108 verbose installManyTop reading scoped package data from c:\git\d3\node_modules\semver\package.json
109 verbose installManyTop reading scoped package data from c:\git\d3\node_modules\sha.js\package.json
110 verbose installManyTop reading scoped package data from c:\git\d3\node_modules\source-list-map\package.json
111 verbose installManyTop reading scoped package data from c:\git\d3\node_modules\source-map\package.json
112 verbose installManyTop reading scoped package data from c:\git\d3\node_modules\stream-browserify\package.json
113 verbose installManyTop reading scoped package data from c:\git\d3\node_modules\string_decoder\package.json
114 verbose installManyTop reading scoped package data from c:\git\d3\node_modules\supports-color\package.json
115 verbose installManyTop reading scoped package data from c:\git\d3\node_modules\tapable\package.json
116 verbose installManyTop reading scoped package data from c:\git\d3\node_modules\timers-browserify\package.json
117 verbose installManyTop reading scoped package data from c:\git\d3\node_modules\ts-loader\package.json
118 verbose installManyTop reading scoped package data from c:\git\d3\node_modules\tty-browserify\package.json
119 verbose installManyTop reading scoped package data from c:\git\d3\node_modules\typescript\package.json
120 verbose installManyTop reading scoped package data from c:\git\d3\node_modules\uglify-js\package.json
121 verbose installManyTop reading scoped package data from c:\git\d3\node_modules\uglify-to-browserify\package.json
122 verbose installManyTop reading scoped package data from c:\git\d3\node_modules\url\package.json
123 verbose installManyTop reading scoped package data from c:\git\d3\node_modules\util\package.json
124 verbose installManyTop reading scoped package data from c:\git\d3\node_modules\util-deprecate\package.json
125 verbose installManyTop reading scoped package data from c:\git\d3\node_modules\vm-browserify\package.json
126 verbose installManyTop reading scoped package data from c:\git\d3\node_modules\watchpack\package.json
127 verbose installManyTop reading scoped package data from c:\git\d3\node_modules\webpack\package.json
128 verbose installManyTop reading scoped package data from c:\git\d3\node_modules\webpack-core\package.json
129 verbose installManyTop reading scoped package data from c:\git\d3\node_modules\window-size\package.json
130 verbose installManyTop reading scoped package data from c:\git\d3\node_modules\wordwrap\package.json
131 verbose installManyTop reading scoped package data from c:\git\d3\node_modules\yargs\package.json
132 info package.json Base64@0.2.1 No license field.
133 info package.json arr-flatten@1.0.1 license should be a valid SPDX license expression
134 info package.json array-unique@0.2.1 license should be a valid SPDX license expression
135 info package.json assert@1.3.0 assert is also the name of a node core module.
136 info package.json buffer@3.6.0 buffer is also the name of a node core module.
137 info package.json console-browserify@1.1.0 No license field.
138 info package.json date-now@0.1.4 No license field.
139 info package.json enhanced-resolve@0.9.1 No license field.
140 info package.json events@1.1.0 events is also the name of a node core module.
141 info package.json expand-range@1.8.1 license should be a valid SPDX license expression
142 info package.json filename-regex@2.0.0 license should be a valid SPDX license expression
143 info package.json for-in@0.1.4 license should be a valid SPDX license expression
144 info package.json for-own@0.1.3 license should be a valid SPDX license expression
145 info package.json glob-base@0.3.0 license should be a valid SPDX license expression
146 info package.json http-browserify@1.7.0 license should be a valid SPDX license expression
147 info package.json indexof@0.0.1 No repository field.
148 info package.json indexof@0.0.1 No license field.
149 info package.json is-primitive@2.0.0 license should be a valid SPDX license expression
150 info package.json longest@1.0.1 license should be a valid SPDX license expression
151 info package.json optimist@0.6.1 license should be a valid SPDX license expression
152 info package.json pako@0.2.8 license should be a valid SPDX license expression
153 info package.json path@0.12.7 path is also the name of a node core module.
154 info package.json preserve@0.2.0 license should be a valid SPDX license expression
155 info package.json process@0.11.2 process is also the name of a node core module.
156 info package.json querystring@0.2.0 querystring is also the name of a node core module.
157 info package.json querystring@0.2.0 No license field.
158 info package.json querystring-es3@0.2.1 No license field.
159 info package.json punycode@1.4.0 punycode is also the name of a node core module.
160 info package.json repeat-element@1.1.2 license should be a valid SPDX license expression
161 info package.json regex-cache@0.4.2 license should be a valid SPDX license expression
162 info package.json ripemd160@0.2.0 No license field.
163 info package.json string_decoder@0.10.31 string_decoder is also the name of a node core module.
164 info package.json timers-browserify@1.4.2 No license field.
165 info package.json url@0.10.3 url is also the name of a node core module.
166 info package.json util@0.10.3 util is also the name of a node core module.
167 info package.json webpack-core@0.6.8 No license field.
168 info package.json window-size@0.1.0 No license field.
169 verbose readDependencies loading dependencies from c:\git\d3\package.json
170 silly cache add args [ 'child_process', null ]
171 verbose cache add spec child_process
172 silly cache add parsed spec Result {
172 silly cache add   raw: 'child_process',
172 silly cache add   scope: null,
172 silly cache add   name: 'child_process',
172 silly cache add   rawSpec: '',
172 silly cache add   spec: 'latest',
172 silly cache add   type: 'tag' }
173 silly addNamed child_process@latest
174 verbose addNamed "latest" is being treated as a dist-tag for child_process
175 info addNameTag [ 'child_process', 'latest' ]
176 silly mapToRegistry name child_process
177 silly mapToRegistry using default registry
178 silly mapToRegistry registry https://registry.npmjs.org/
179 silly mapToRegistry data Result {
179 silly mapToRegistry   raw: 'child_process',
179 silly mapToRegistry   scope: null,
179 silly mapToRegistry   name: 'child_process',
179 silly mapToRegistry   rawSpec: '',
179 silly mapToRegistry   spec: 'latest',
179 silly mapToRegistry   type: 'tag' }
180 silly mapToRegistry uri https://registry.npmjs.org/child_process
181 verbose addNameTag registry:https://registry.npmjs.org/child_process not in flight; fetching
182 verbose request uri https://registry.npmjs.org/child_process
183 verbose request no auth needed
184 info attempt registry request try #1 at 12:54:12
185 verbose request id 66f292efc295b90b
186 http request GET https://registry.npmjs.org/child_process
187 http 404 https://registry.npmjs.org/child_process
188 verbose headers { 'content-type': 'application/json',
188 verbose headers   'cache-control': 'max-age=0',
188 verbose headers   'content-length': '2',
188 verbose headers   'accept-ranges': 'bytes',
188 verbose headers   date: 'Fri, 25 Mar 2016 11:54:08 GMT',
188 verbose headers   via: '1.1 varnish',
188 verbose headers   age: '0',
188 verbose headers   connection: 'keep-alive',
188 verbose headers   'x-served-by': 'cache-fra1224-FRA',
188 verbose headers   'x-cache': 'MISS',
188 verbose headers   'x-cache-hits': '0',
188 verbose headers   'x-timer': 'S1458906847.959330,VS0,VE189' }
189 silly get cb [ 404,
189 silly get   { 'content-type': 'application/json',
189 silly get     'cache-control': 'max-age=0',
189 silly get     'content-length': '2',
189 silly get     'accept-ranges': 'bytes',
189 silly get     date: 'Fri, 25 Mar 2016 11:54:08 GMT',
189 silly get     via: '1.1 varnish',
189 silly get     age: '0',
189 silly get     connection: 'keep-alive',
189 silly get     'x-served-by': 'cache-fra1224-FRA',
189 silly get     'x-cache': 'MISS',
189 silly get     'x-cache-hits': '0',
189 silly get     'x-timer': 'S1458906847.959330,VS0,VE189' } ]
190 verbose stack Error: Registry returned 404 for GET on https://registry.npmjs.org/child_process
190 verbose stack     at makeError (C:\Users\Danie\AppData\Roaming\npm\node_modules\npm\node_modules\npm-registry-client\lib\request.js:264:12)
190 verbose stack     at CachingRegistryClient.<anonymous> (C:\Users\Danie\AppData\Roaming\npm\node_modules\npm\node_modules\npm-registry-client\lib\request.js:242:14)
190 verbose stack     at Request._callback (C:\Users\Danie\AppData\Roaming\npm\node_modules\npm\node_modules\npm-registry-client\lib\request.js:172:14)
190 verbose stack     at Request.self.callback (C:\Users\Danie\AppData\Roaming\npm\node_modules\npm\node_modules\request\request.js:199:22)
190 verbose stack     at emitTwo (events.js:100:13)
190 verbose stack     at Request.emit (events.js:185:7)
190 verbose stack     at Request.<anonymous> (C:\Users\Danie\AppData\Roaming\npm\node_modules\npm\node_modules\request\request.js:1036:10)
190 verbose stack     at emitOne (events.js:95:20)
190 verbose stack     at Request.emit (events.js:182:7)
190 verbose stack     at IncomingMessage.<anonymous> (C:\Users\Danie\AppData\Roaming\npm\node_modules\npm\node_modules\request\request.js:963:12)
191 verbose statusCode 404
192 verbose pkgid child_process
193 verbose cwd c:\git\d3\typescript
194 error Windows_NT 6.1.7601
195 error argv "C:\\Program Files\\nodejs\\node.exe" "C:\\Users\\Danie\\AppData\\Roaming\\npm\\node_modules\\npm\\bin\\npm-cli.js" "i" "--save-dev" "child_process"
196 error node v5.8.0
197 error npm  v2.15.1
198 error code E404
199 error 404 Registry returned 404 for GET on https://registry.npmjs.org/child_process
199 error 404
199 error 404 'child_process' is not in the npm registry.
199 error 404 Your package name is not valid, because
199 error 404
199 error 404  1. child_process is a core module name
199 error 404 It was specified as a dependency of 'd3'
199 error 404
199 error 404 Note that you can also install from a
199 error 404 tarball, folder, http url, or git url.
200 verbose exit [ 1, true ]
